# JRE version: OpenJDK Runtime Environment (8.0_112) (build 1.8.0_112-google-v7-165109754-164986162)
# Java VM: OpenJDK 64-Bit Server VM (25.112-b01 mixed mode linux-amd64 compressed oops)
Heap:
 par new generation   total 309056K, used 225464K [0x00000003d2e00000, 0x00000003e3a50000, 0x00000004dee00000)  [0x00000004dee00000, 0x00000004e0f80000, 0x0000000500600000)  [0x0000000500600000, 0x0000000502780000, 0x0000000521e00000) 
  eden space 274752K,  81% used [0x00000003d2e00000, 0x00000003e07ea520, 0x00000003e3a50000)
  from space 34304K,   6% used [0x0000000500600000, 0x0000000500843d50, 0x0000000502780000)
  to   space 34304K,   0% used [0x00000004dee00000, 0x00000004dee00000, 0x00000004e0f80000)
 concurrent mark-sweep generation total 686784K, used 460874K [0x0000000521e00000, 0x000000054bcb0000, 0x00000007c0000000)
 Metaspace       used 4315K, capacity 5216K, committed 5504K, reserved 1056768K
  data space     used 3842K, capacity 4688K, committed 4864K, reserved 8192K
  class space    used 473K, capacity 528K, committed 640K, reserved 1048576K
GC Heap History (8 events):
Event: 0.693 GC heap before
{Heap before GC invocations=0 (full 0):
 par new generation   total 309056K, used 274752K [0x00000003d2e00000, 0x00000003e3a50000, 0x00000004dee00000)  [0x00000004dee00000, 0x00000004e0f80000, 0x0000000500600000)  [0x0000000500600000, 0x0000000502780000, 0x0000000521e00000) 
  eden space 274752K, 100% used [0x00000003d2e00000, 0x00000003e3a50000, 0x00000003e3a50000)
  from space 34304K,   0% used [0x0000000500600000, 0x0000000500600000, 0x0000000502780000)
  to   space 34304K,   0% used [0x00000004dee00000, 0x00000004dee00000, 0x00000004e0f80000)
 concurrent mark-sweep generation total 686784K, used 0K [0x0000000521e00000, 0x000000054bcb0000, 0x00000007c0000000)
 Metaspace       used 4120K, capacity 5112K, committed 5376K, reserved 1056768K
  data space     used 3665K, capacity 4624K, committed 4864K, reserved 8192K
  class space    used 454K, capacity 488K, committed 512K, reserved 1048576K
Event: 0.705 GC heap after
Heap after GC invocations=1 (full 0):
 par new generation   total 309056K, used 1559K [0x00000003d2e00000, 0x00000003e3a50000, 0x00000004dee00000)  [0x00000004dee00000, 0x00000004e0f80000, 0x0000000500600000)  [0x0000000500600000, 0x0000000502780000, 0x0000000521e00000) 
  eden space 274752K,   0% used [0x00000003d2e00000, 0x00000003d2e00000, 0x00000003e3a50000)
  from space 34304K,   4% used [0x00000004dee00000, 0x00000004def85df0, 0x00000004e0f80000)
  to   space 34304K,   0% used [0x0000000500600000, 0x0000000500600000, 0x0000000502780000)
 concurrent mark-sweep generation total 686784K, used 51270K [0x0000000521e00000, 0x000000054bcb0000, 0x00000007c0000000)
 Metaspace       used 4120K, capacity 5112K, committed 5376K, reserved 1056768K
  data space     used 3665K, capacity 4624K, committed 4864K, reserved 8192K
  class space    used 454K, capacity 488K, committed 512K, reserved 1048576K
}
Event: 0.922 GC heap before
{Heap before GC invocations=1 (full 1):
 par new generation   total 309056K, used 239055K [0x00000003d2e00000, 0x00000003e3a50000, 0x00000004dee00000)  [0x00000004dee00000, 0x00000004e0f80000, 0x0000000500600000)  [0x0000000500600000, 0x0000000502780000, 0x0000000521e00000) 
  eden space 274752K,  86% used [0x00000003d2e00000, 0x00000003e15edef8, 0x00000003e3a50000)
  from space 34304K,   4% used [0x00000004dee00000, 0x00000004def85df0, 0x00000004e0f80000)
  to   space 34304K,   0% used [0x0000000500600000, 0x0000000500600000, 0x0000000502780000)
 concurrent mark-sweep generation total 686784K, used 51270K [0x0000000521e00000, 0x000000054bcb0000, 0x00000007c0000000)
 Metaspace       used 4281K, capacity 5152K, committed 5504K, reserved 1056768K
  data space     used 3809K, capacity 4624K, committed 4864K, reserved 8192K
  class space    used 471K, capacity 528K, committed 640K, reserved 1048576K
Event: 0.962 GC heap after
Heap after GC invocations=2 (full 1):
 par new generation   total 309056K, used 1798K [0x00000003d2e00000, 0x00000003e3a50000, 0x00000004dee00000)  [0x00000004dee00000, 0x00000004e0f80000, 0x0000000500600000)  [0x0000000500600000, 0x0000000502780000, 0x0000000521e00000) 
  eden space 274752K,   0% used [0x00000003d2e00000, 0x00000003d2e00000, 0x00000003e3a50000)
  from space 34304K,   5% used [0x0000000500600000, 0x00000005007c1a00, 0x0000000502780000)
  to   space 34304K,   0% used [0x00000004dee00000, 0x00000004dee00000, 0x00000004e0f80000)
 concurrent mark-sweep generation total 686784K, used 256072K [0x0000000521e00000, 0x000000054bcb0000, 0x00000007c0000000)
 Metaspace       used 4281K, capacity 5152K, committed 5504K, reserved 1056768K
  data space     used 3809K, capacity 4624K, committed 4864K, reserved 8192K
  class space    used 471K, capacity 528K, committed 640K, reserved 1048576K
}
Event: 1.395 GC heap before
{Heap before GC invocations=2 (full 1):
 par new generation   total 309056K, used 276550K [0x00000003d2e00000, 0x00000003e3a50000, 0x00000004dee00000)  [0x00000004dee00000, 0x00000004e0f80000, 0x0000000500600000)  [0x0000000500600000, 0x0000000502780000, 0x0000000521e00000) 
  eden space 274752K, 100% used [0x00000003d2e00000, 0x00000003e3a50000, 0x00000003e3a50000)
  from space 34304K,   5% used [0x0000000500600000, 0x00000005007c1a00, 0x0000000502780000)
  to   space 34304K,   0% used [0x00000004dee00000, 0x00000004dee00000, 0x00000004e0f80000)
 concurrent mark-sweep generation total 686784K, used 256072K [0x0000000521e00000, 0x000000054bcb0000, 0x00000007c0000000)
 Metaspace       used 4311K, capacity 5152K, committed 5504K, reserved 1056768K
  data space     used 3838K, capacity 4624K, committed 4864K, reserved 8192K
  class space    used 472K, capacity 528K, committed 640K, reserved 1048576K
Event: 1.449 GC heap after
Heap after GC invocations=3 (full 1):
 par new generation   total 309056K, used 2628K [0x00000003d2e00000, 0x00000003e3a50000, 0x00000004dee00000)  [0x00000004dee00000, 0x00000004e0f80000, 0x0000000500600000)  [0x0000000500600000, 0x0000000502780000, 0x0000000521e00000) 
  eden space 274752K,   0% used [0x00000003d2e00000, 0x00000003d2e00000, 0x00000003e3a50000)
  from space 34304K,   7% used [0x00000004dee00000, 0x00000004df0911c8, 0x00000004e0f80000)
  to   space 34304K,   0% used [0x0000000500600000, 0x0000000500600000, 0x0000000502780000)
 concurrent mark-sweep generation total 686784K, used 460874K [0x0000000521e00000, 0x000000054bcb0000, 0x00000007c0000000)
 Metaspace       used 4311K, capacity 5152K, committed 5504K, reserved 1056768K
  data space     used 3838K, capacity 4624K, committed 4864K, reserved 8192K
  class space    used 472K, capacity 528K, committed 640K, reserved 1048576K
}
Event: 2.220 GC heap before
{Heap before GC invocations=3 (full 1):
 par new generation   total 309056K, used 277380K [0x00000003d2e00000, 0x00000003e3a50000, 0x00000004dee00000)  [0x00000004dee00000, 0x00000004e0f80000, 0x0000000500600000)  [0x0000000500600000, 0x0000000502780000, 0x0000000521e00000) 
  eden space 274752K, 100% used [0x00000003d2e00000, 0x00000003e3a50000, 0x00000003e3a50000)
  from space 34304K,   7% used [0x00000004dee00000, 0x00000004df0911c8, 0x00000004e0f80000)
  to   space 34304K,   0% used [0x0000000500600000, 0x0000000500600000, 0x0000000502780000)
 concurrent mark-sweep generation total 686784K, used 460874K [0x0000000521e00000, 0x000000054bcb0000, 0x00000007c0000000)
 Metaspace       used 4312K, capacity 5152K, committed 5504K, reserved 1056768K
  data space     used 3838K, capacity 4624K, committed 4864K, reserved 8192K
  class space    used 473K, capacity 528K, committed 640K, reserved 1048576K
Event: 2.221 GC heap after
Heap after GC invocations=4 (full 1):
 par new generation   total 309056K, used 2319K [0x00000003d2e00000, 0x00000003e3a50000, 0x00000004dee00000)  [0x00000004dee00000, 0x00000004e0f80000, 0x0000000500600000)  [0x0000000500600000, 0x0000000502780000, 0x0000000521e00000) 
  eden space 274752K,   0% used [0x00000003d2e00000, 0x00000003d2e00000, 0x00000003e3a50000)
  from space 34304K,   6% used [0x0000000500600000, 0x0000000500843d50, 0x0000000502780000)
  to   space 34304K,   0% used [0x00000004dee00000, 0x00000004dee00000, 0x00000004e0f80000)
 concurrent mark-sweep generation total 686784K, used 460874K [0x0000000521e00000, 0x000000054bcb0000, 0x00000007c0000000)
 Metaspace       used 4312K, capacity 5152K, committed 5504K, reserved 1056768K
  data space     used 3838K, capacity 4624K, committed 4864K, reserved 8192K
  class space    used 473K, capacity 528K, committed 640K, reserved 1048576K
}

